OPTIONS /loginuser 200
OPTIONS /wishlist 200
GET /loginuser 304
GET /wishlist 304
GET /deals 304
GET /deals 304
GET /deals 304
OPTIONS /orders 200
OPTIONS /products 200
GET /orders 304
GET /products 304
OPTIONS /orders 200
GET /orders 304
OPTIONS /products 200
GET /products 304
OPTIONS /orders 200
OPTIONS /products 200
GET /orders 304
GET /products 304
OPTIONS /orders 200
OPTIONS /products 200
OPTIONS /orders 200
GET /orders 304
GET /products 304
GET /orders 304
OPTIONS /orders 200
OPTIONS /products 200
OPTIONS /wishlists 200
GET /orders 304
GET /products 304
GET /wishlists 200
OPTIONS /loginuser 200
OPTIONS /wishlist 200
GET /deals 304
GET /loginuser 304
GET /wishlist 200
GET /deals 304
OPTIONS /orders 200
OPTIONS /products 200
OPTIONS /wishlists 200
GET /orders 304
GET /products 304
GET /wishlists 304
OPTIONS /orders 200
OPTIONS /products 200
OPTIONS /wishlists 200
GET /orders 304
GET /products 304
GET /wishlists 304
OPTIONS /loginuser 200
OPTIONS /wishlist 200
GET /deals 304
GET /loginuser 304
GET /wishlist 304
GET /deals 304
OPTIONS /orders 200
OPTIONS /products 200
OPTIONS /wishlists 200
GET /orders 304
GET /products 304
GET /wishlists 304
OPTIONS /orders 200
OPTIONS /products 200
OPTIONS /wishlists 200
GET /orders 304
GET /products 304
GET /wishlists 304
OPTIONS /orders 200
OPTIONS /products 200
OPTIONS /wishlists 200
GET /orders 304
GET /products 304
GET /wishlists 304
OPTIONS /loginuser 200
OPTIONS /wishlist 200
GET /deals 304
GET /loginuser 304
GET /wishlist 304
GET /deals 304
GET /deals 304
OPTIONS /orders 200
OPTIONS /products 200
OPTIONS /wishlists 200
GET /orders 304
GET /products 304
GET /wishlists 304
OPTIONS /loginuser 200
GET /loginuser 304
OPTIONS /wishlist 200
GET /wishlist 304
GET /deals 304
GET /deals 304
GET /deals 304
OPTIONS /orders 200
OPTIONS /products 200
OPTIONS /wishlists 200
GET /orders 304
GET /products 304
GET /wishlists 304
OPTIONS /orders 200
OPTIONS /products 200
OPTIONS /wishlists 200
GET /orders 304
GET /products 304
GET /wishlists 304
OPTIONS /orders 200
OPTIONS /products 200
OPTIONS /wishlists 200
GET /orders 304
GET /products 304
GET /wishlists 304
OPTIONS /orders 200
OPTIONS /products 200
OPTIONS /wishlists 200
GET /orders 304
GET /products 304
GET /wishlists 304
OPTIONS /loginuser 200
OPTIONS /wishlist 200
GET /deals 304
GET /loginuser 304
GET /wishlist 304
GET /deals 304
OPTIONS /products 200
GET /products 304
OPTIONS /products 200
GET /products 304
OPTIONS /orders 200
OPTIONS /products 200
OPTIONS /wishlists 200
GET /orders 304
GET /products 304
GET /wishlists 304
OPTIONS /products 200
GET /products 304
OPTIONS /loginuser 200
OPTIONS /wishlist 200
GET /loginuser 401
GET /wishlist 401
GET /deals 304
GET /deals 304
OPTIONS /loginuser 200
POST /loginuser 200
GET /loginuser 200
OPTIONS /wishlist 200
GET /wishlist 200
GET /deals 304
GET /deals 304
GET /deals 304
OPTIONS /order 200
GET /order 200
GET /product/M1 304
GET /reviews/M1 304
GET /product/M1 304
OPTIONS /loginuser 200
OPTIONS /wishlist 200
GET /loginuser 304
GET /wishlist 304
GET /reviews/M1 304
GET /reviews/M1 304
GET /product/M1 304
GET /reviews/M1 304
OPTIONS /loginuser 200
OPTIONS /wishlist 200
GET /loginuser 401
GET /wishlist 401
GET /deals 304
GET /deals 304
OPTIONS /loginuser 200
POST /loginuser 401
OPTIONS /loginuser 200
POST /loginuser 200
OPTIONS /wishlist 200
GET /loginuser 200
GET /wishlist 200
GET /deals 304
GET /deals 304
GET /deals 304
OPTIONS /loginuser 200
OPTIONS /wishlist 200
GET /deals 304
GET /loginuser 304
GET /wishlist 304
GET /deals 304
GET /deals 304
OPTIONS /orders 200
OPTIONS /products 200
OPTIONS /wishlists 200
GET /orders 304
GET /products 304
GET /wishlists 304
OPTIONS /loginuser 200
OPTIONS /wishlist 200
GET /loginuser 304
GET /wishlist 304
GET /deals 304
GET /deals 304
GET /deals 304
OPTIONS /loginuser 200
OPTIONS /wishlist 200
GET /deals 304
GET /loginuser 304
GET /wishlist 304
GET /deals 304
OPTIONS /loginuser 200
OPTIONS /wishlist 200
GET /deals 304
GET /loginuser 304
GET /wishlist 304
GET /deals 304
OPTIONS /loginuser 200
OPTIONS /wishlist 200
GET /loginuser 304
GET /wishlist 304
GET /deals 304
GET /deals 304
GET /deals 304
OPTIONS /orders 200
OPTIONS /products 200
OPTIONS /wishlists 200
GET /orders 304
GET /products 304
GET /wishlists 304
OPTIONS /loginuser 200
OPTIONS /wishlist 200
GET /loginuser 304
GET /wishlist 304
GET /deals 304
GET /deals 304
GET /deals 304
GET /home/Mobiles?q=Realme 200
OPTIONS /loginuser 200
OPTIONS /wishlist 200
GET /loginuser 304
GET /wishlist 304
GET /home/Mobiles?q=Realme 304
GET /home/Mobiles?q=Realme 304
GET /home/Mobiles?q=Realme 304
GET /home/Mobiles?q=Realme 304
OPTIONS /loginuser 200
GET /loginuser 304
OPTIONS /wishlist 200
GET /wishlist 304
GET /home/Mobiles?q=Realme 304
GET /home/Mobiles?q=Realme&ram=%3E=6 200
GET /home/Mobiles?q=Realme&ram=%3E=6 304
GET /home/Mobiles?q=Realme&ram=%3E=6 304
GET /home/Mobiles?q=Realme&ram=%3E=6 304
OPTIONS /loginuser 200
OPTIONS /wishlist 200
GET /loginuser 304
GET /wishlist 304
GET /deals 304
GET /deals 304
GET /deals 304
GET /deals 304
GET /loginuser 304
GET /wishlist 304
GET /deals 304
GET /home/Mobiles?q=App 200
OPTIONS /loginuser 200
OPTIONS /wishlist 200
GET /loginuser 304
GET /wishlist 304
GET /home/Mobiles?q=App 304
GET /home/Mobiles? 304
OPTIONS /loginuser 200
OPTIONS /wishlist 200
GET /home/Mobiles?q=App 304
GET /loginuser 304
GET /wishlist 304
GET /home/Mobiles?q=App 304
GET /home/Mobiles?q=Apple 200
OPTIONS /loginuser 200
OPTIONS /wishlist 200
GET /loginuser 304
GET /wishlist 304
GET /home/Mobiles?q=Apple 304
OPTIONS /orders 200
OPTIONS /wishlists 200
OPTIONS /products 200
GET /orders 304
GET /wishlists 304
GET /products 304
OPTIONS /orders 200
OPTIONS /products 200
OPTIONS /wishlists 200
GET /orders 304
GET /products 304
GET /wishlists 304
OPTIONS /loginuser 200
OPTIONS /wishlist 200
GET /deals 304
GET /loginuser 304
GET /wishlist 304
GET /deals 304
GET /deals 304
OPTIONS /loginuser 200
OPTIONS /wishlist 200
GET /loginuser 304
GET /wishlist 304
GET /deals 304
GET /deals 304
GET /deals 304
OPTIONS /orders 200
OPTIONS /products 200
OPTIONS /wishlists 200
GET /orders 304
GET /products 304
GET /wishlists 304
OPTIONS /orders 200
OPTIONS /products 200
OPTIONS /wishlists 200
GET /orders 304
GET /products 304
GET /wishlists 304
GET /orders 304
GET /products 304
GET /wishlists 304
OPTIONS /orders 200
GET /orders 304
OPTIONS /products 200
GET /products 304
OPTIONS /wishlists 200
GET /wishlists 304
OPTIONS /loginuser 200
OPTIONS /wishlist 200
GET /deals 304
GET /loginuser 304
GET /wishlist 304
GET /deals 304
GET /deals 304
OPTIONS /orders 200
OPTIONS /products 200
OPTIONS /wishlists 200
GET /orders 304
GET /products 304
GET /wishlists 304
OPTIONS /orders 200
OPTIONS /products 200
OPTIONS /wishlists 200
GET /orders 304
GET /products 304
GET /wishlists 304
OPTIONS /orders 200
OPTIONS /products 200
OPTIONS /wishlists 200
GET /orders 304
GET /products 304
GET /wishlists 304
OPTIONS /orders 200
OPTIONS /products 200
OPTIONS /wishlists 200
GET /orders 304
GET /products 304
GET /wishlists 304
OPTIONS /orders 200
OPTIONS /products 200
OPTIONS /wishlists 200
GET /orders 304
GET /products 304
GET /wishlists 304
OPTIONS /loginuser 200
OPTIONS /wishlist 200
GET /deals 304
GET /loginuser 304
GET /wishlist 304
GET /deals 304
GET /deals 304
OPTIONS /orders 200
OPTIONS /products 200
OPTIONS /wishlists 200
GET /orders 304
GET /products 304
GET /wishlists 304
OPTIONS /orders 200
GET /orders 304
OPTIONS /products 200
GET /products 304
OPTIONS /wishlists 200
GET /wishlists 304
OPTIONS /orders 200
OPTIONS /products 200
OPTIONS /wishlists 200
GET /orders 304
GET /products 304
GET /wishlists 304
OPTIONS /orders 200
OPTIONS /products 200
OPTIONS /wishlists 200
GET /orders 304
GET /products 304
GET /wishlists 304
OPTIONS /loginuser 200
OPTIONS /wishlist 200
GET /loginuser 304
GET /wishlist 304
GET /deals 304
GET /deals 304
GET /deals 304
OPTIONS /orders 200
OPTIONS /products 200
OPTIONS /wishlists 200
GET /orders 304
GET /products 304
GET /wishlists 304
OPTIONS /loginuser 200
OPTIONS /wishlist 200
GET /deals 304
GET /loginuser 304
GET /wishlist 304
GET /deals 304
GET /deals 304
OPTIONS /loginuser 200
OPTIONS /wishlist 200
GET /loginuser 304
GET /wishlist 304
GET /deals 304
OPTIONS /orders 200
OPTIONS /products 200
OPTIONS /wishlists 200
GET /orders 304
GET /products 304
GET /wishlists 304
OPTIONS /orders 200
OPTIONS /products 200
OPTIONS /wishlists 200
GET /orders 304
GET /products 304
GET /wishlists 304
OPTIONS /loginuser 200
OPTIONS /wishlist 200
GET /deals 304
GET /loginuser 304
GET /wishlist 304
GET /deals 304
GET /deals 304
OPTIONS /orders 200
OPTIONS /products 200
OPTIONS /wishlists 200
GET /orders 304
GET /products 304
GET /wishlists 304
OPTIONS /loginuser 200
OPTIONS /wishlist 200
GET /deals 304
GET /loginuser 304
GET /wishlist 304
GET /deals 304
OPTIONS /loginuser 200
OPTIONS /wishlist 200
GET /deals 304
GET /loginuser 304
GET /wishlist 304
GET /deals 304
OPTIONS /orders 200
OPTIONS /products 200
OPTIONS /wishlists 200
GET /orders 304
GET /products 304
GET /wishlists 304
OPTIONS /orders 200
OPTIONS /products 200
OPTIONS /wishlists 200
GET /orders 304
GET /products 304
GET /wishlists 304
OPTIONS /orders 200
OPTIONS /products 200
OPTIONS /wishlists 200
GET /orders 304
GET /products 304
GET /wishlists 304
OPTIONS /orders 200
OPTIONS /products 200
OPTIONS /wishlists 200
GET /orders 304
GET /products 304
GET /wishlists 304
OPTIONS /orders 200
OPTIONS /products 200
OPTIONS /wishlists 200
GET /orders 304
GET /products 304
GET /wishlists 304
OPTIONS /orders 200
OPTIONS /products 200
OPTIONS /wishlists 200
GET /orders 304
GET /products 304
GET /wishlists 304
OPTIONS /orders 200
OPTIONS /products 200
OPTIONS /wishlists 200
GET /orders 304
GET /products 304
GET /wishlists 304
OPTIONS /loginuser 200
OPTIONS /wishlist 200
GET /deals 304
GET /loginuser 304
GET /wishlist 304
GET /deals 304
OPTIONS /orders 200
OPTIONS /products 200
OPTIONS /wishlists 200
GET /orders 304
GET /products 304
GET /wishlists 304
OPTIONS /loginuser 200
OPTIONS /wishlist 200
GET /loginuser 304
GET /wishlist 304
GET /deals 304
GET /deals 304
GET /deals 304
OPTIONS /orders 200
OPTIONS /products 200
OPTIONS /wishlists 200
GET /orders 304
GET /products 304
GET /wishlists 304
OPTIONS /orders 200
OPTIONS /products 200
OPTIONS /wishlists 200
GET /orders 304
GET /products 304
GET /wishlists 304
OPTIONS /orders 200
OPTIONS /products 200
OPTIONS /wishlists 200
OPTIONS /wishlists 200
GET /orders 304
GET /products 304
GET /wishlists 304
GET /wishlists 304
OPTIONS /loginuser 200
OPTIONS /wishlist 200
GET /loginuser 304
GET /wishlist 304
GET /deals 304
GET /deals 304
GET /deals 304
OPTIONS /orders 200
GET /orders 304
OPTIONS /products 200
OPTIONS /log 200
OPTIONS /wishlists 200
GET /products 304
GET /wishlists 304
GET /log 404
OPTIONS /loginuser 200
OPTIONS /wishlist 200
GET /deals 304
GET /loginuser 304
GET /wishlist 304
GET /deals 304
OPTIONS /orders 200
OPTIONS /products 200
OPTIONS /log 200
OPTIONS /wishlists 200
GET /orders 304
GET /products 304
GET /wishlists 304
GET /log 404
OPTIONS /orders 200
OPTIONS /products 200
OPTIONS /wishlists 200
OPTIONS /log 200
GET /orders 304
GET /products 304
GET /wishlists 304
GET /log 404
OPTIONS /loginuser 200
OPTIONS /wishlist 200
GET /loginuser 304
GET /wishlist 304
GET /deals 304
GET /deals 304
GET /deals 304
OPTIONS /orders 200
OPTIONS /products 200
OPTIONS /wishlists 200
OPTIONS /log 200
GET /orders 304
GET /products 304
GET /wishlists 304
GET /log 404
OPTIONS /loginuser 200
OPTIONS /wishlist 200
GET /deals 304
GET /loginuser 304
GET /wishlist 304
GET /deals 304
OPTIONS /orders 200
OPTIONS /products 200
GET /orders 304
OPTIONS /wishlists 200
GET /products 304
OPTIONS /log 200
GET /wishlists 304
GET /log 404
OPTIONS /loginuser 200
OPTIONS /wishlist 200
GET /loginuser 304
GET /wishlist 304
GET /deals 304
GET /deals 304
GET /deals 304
OPTIONS /loginuser 200
OPTIONS /wishlist 200
GET /loginuser 304
GET /wishlist 304
GET /deals 304
GET /deals 304
GET /deals 304
OPTIONS /loginuser 200
OPTIONS /wishlist 200
GET /loginuser 304
GET /wishlist 304
GET /deals 304
GET /deals 304
GET /deals 304
OPTIONS /loginuser 200
OPTIONS /wishlist 200
GET /loginuser 304
GET /wishlist 304
GET /deals 304
GET /deals 304
GET /deals 304
OPTIONS /loginuser 200
OPTIONS /wishlist 200
GET /deals 304
GET /loginuser 304
GET /wishlist 304
GET /deals 304
OPTIONS /orders 200
OPTIONS /products 200
OPTIONS /wishlists 200
OPTIONS /log 200
GET /orders 304
GET /products 304
GET /wishlists 304
GET /log 404
OPTIONS /loginuser 200
OPTIONS /wishlist 200
GET /loginuser 304
GET /wishlist 304
GET /deals 304
GET /deals 304
GET /deals 304
OPTIONS /orders 200
OPTIONS /products 200
OPTIONS /wishlists 200
OPTIONS /log 200
GET /orders 304
GET /products 304
GET /wishlists 304
GET /log 404
OPTIONS /loginuser 200
OPTIONS /wishlist 200
GET /deals 304
GET /loginuser 304
GET /wishlist 304
GET /deals 304
OPTIONS /orders 200
OPTIONS /products 200
OPTIONS /wishlists 200
OPTIONS /log 200
GET /orders 304
GET /products 304
GET /wishlists 304
GET /log 404
OPTIONS /loginuser 200
OPTIONS /wishlist 200
GET /loginuser 304
GET /wishlist 304
GET /deals 304
GET /deals 304
GET /deals 304
OPTIONS /orders 200
OPTIONS /products 200
OPTIONS /wishlists 200
GET /orders 304
OPTIONS /log 200
GET /products 304
GET /wishlists 304
GET /log 404
OPTIONS /orders 200
OPTIONS /products 200
GET /orders 304
OPTIONS /wishlists 200
OPTIONS /log 200
GET /products 304
GET /wishlists 304
GET /log 404
OPTIONS /orders 200
OPTIONS /products 200
OPTIONS /wishlists 200
OPTIONS /log 200
GET /orders 304
GET /products 304
GET /wishlists 304
GET /log 404
OPTIONS /orders 200
OPTIONS /products 200
OPTIONS /wishlists 200
OPTIONS /log 200
GET /orders 304
GET /products 304
GET /wishlists 304
GET /log 404
OPTIONS /orders 200
OPTIONS /products 200
OPTIONS /wishlists 200
GET /orders 304
OPTIONS /log 200
GET /products 304
GET /wishlists 304
GET /log 404
OPTIONS /orders 200
OPTIONS /products 200
OPTIONS /wishlists 200
OPTIONS /log 200
GET /orders 304
GET /products 304
GET /wishlists 304
GET /log 404
OPTIONS /loginuser 200
OPTIONS /wishlist 200
GET /loginuser 304
GET /deals 304
GET /wishlist 304
GET /deals 304
GET /deals 304
OPTIONS /orders 200
OPTIONS /products 200
OPTIONS /wishlists 200
OPTIONS /log 200
GET /orders 304
GET /products 304
GET /wishlists 304
GET /log 404
OPTIONS /orders 200
OPTIONS /products 200
OPTIONS /wishlists 200
GET /orders 304
OPTIONS /log 200
GET /wishlists 304
GET /products 304
GET /log 404
GET /orders 304
GET /products 304
GET /wishlists 304
GET /log 404
OPTIONS /orders 200
OPTIONS /products 200
OPTIONS /wishlists 200
GET /orders 304
OPTIONS /log 200
GET /products 304
GET /wishlists 304
GET /log 404
OPTIONS /orders 200
OPTIONS /products 200
GET /orders 304
OPTIONS /wishlists 200
GET /products 304
OPTIONS /log 200
GET /wishlists 304
GET /log 404
OPTIONS /orders 200
OPTIONS /products 200
OPTIONS /wishlists 200
OPTIONS /log 200
GET /orders 304
GET /products 304
GET /wishlists 304
GET /log 404
OPTIONS /orders 200
OPTIONS /products 200
OPTIONS /wishlists 200
OPTIONS /log 200
GET /orders 304
GET /products 304
GET /wishlists 304
GET /log 404
OPTIONS /orders 200
OPTIONS /products 200
OPTIONS /wishlists 200
OPTIONS /log 200
GET /orders 304
GET /products 304
GET /wishlists 304
GET /log 404
OPTIONS /orders 200
OPTIONS /products 200
OPTIONS /wishlists 200
GET /orders 304
OPTIONS /log 200
GET /products 304
GET /wishlists 304
GET /log 404
GET /orders 304
GET /products 304
GET /wishlists 304
GET /log 404
OPTIONS /orders 200
OPTIONS /products 200
GET /orders 304
OPTIONS /wishlists 200
OPTIONS /log 200
GET /products 304
GET /wishlists 304
GET /log 404
OPTIONS /orders 200
OPTIONS /products 200
OPTIONS /wishlists 200
OPTIONS /log 200
GET /orders 304
GET /products 304
GET /wishlists 304
GET /log 404
OPTIONS /wishlists 200
OPTIONS /orders 200
OPTIONS /products 200
GET /wishlists 304
GET /orders 304
GET /products 304
OPTIONS /loginuser 200
OPTIONS /wishlist 200
GET /loginuser 304
GET /wishlist 304
GET /deals 304
GET /deals 304
GET /deals 304
OPTIONS /orders 200
OPTIONS /products 200
OPTIONS /wishlists 200
GET /orders 304
GET /products 304
GET /wishlists 304
OPTIONS /orders 200
OPTIONS /products 200
OPTIONS /wishlists 200
GET /orders 304
GET /products 304
GET /wishlists 304
OPTIONS /loginuser 200
OPTIONS /wishlist 200
GET /loginuser 304
GET /wishlist 304
GET /deals 304
GET /deals 304
GET /deals 304
OPTIONS /wishlist 200
POST /wishlist 200
OPTIONS /loginuser 200
GET /wishlist 200
GET /loginuser 304
GET /deals 304
GET /deals 304
GET /deals 304
GET /product/M6 200
GET /reviews/M6 200
OPTIONS /loginuser 200
OPTIONS /wishlist 200
GET /loginuser 304
GET /wishlist 304
GET /deals 304
GET /deals 304
GET /deals 304
GET /deals 304
OPTIONS /loginuser 200
OPTIONS /wishlist 200
GET /loginuser 304
GET /wishlist 304
GET /deals 304
OPTIONS /products 200
GET /products 304
OPTIONS /orders 200
GET /products 304
OPTIONS /wishlists 200
OPTIONS /log 200
GET /orders 304
GET /wishlists 304
GET /log 200
OPTIONS /orders 200
OPTIONS /products 200
OPTIONS /wishlists 200
OPTIONS /log 200
GET /orders 304
GET /products 304
GET /wishlists 304
GET /log 304
OPTIONS /orders 200
GET /orders 304
OPTIONS /products 200
OPTIONS /wishlists 200
OPTIONS /log 200
GET /products 304
POST /log 200
GET /wishlists 304
GET /log 200
OPTIONS /loginuser 200
OPTIONS /wishlist 200
GET /deals 304
GET /loginuser 304
GET /wishlist 200
GET /deals 304
GET /deals 304
GET /deals 304
POST /log 200
GET /deals 304
OPTIONS /loginuser 200
OPTIONS /wishlist 200
GET /loginuser 304
GET /wishlist 304
POST /log 200
POST /log 200
GET /deals 304
GET /deals 304
POST /log 200
POST /log 200
GET /deals 304
GET /loginuser 304
GET /wishlist 304
POST /log 200
POST /log 200
POST /log 200
GET /deals 304
GET /deals 304
POST /log 200
POST /log 200
GET /deals 304
OPTIONS /loginuser 200
OPTIONS /wishlist 200
GET /loginuser 304
GET /wishlist 304
POST /log 200
POST /log 200
POST /log 200
GET /deals 304
GET /deals 304
POST /log 200
POST /log 200
GET /home/Mobiles/Mi?page=1 304
POST /log 200
GET /product/M1 304
POST /log 200
GET /reviews/M1 304
POST /log 200
GET /product/M1 304
OPTIONS /loginuser 200
OPTIONS /wishlist 200
GET /loginuser 304
GET /wishlist 304
POST /log 200
GET /reviews/M1 304
POST /log 200
POST /log 200
POST /log 200
GET /reviews/M1 304
GET /product/M1 304
GET /reviews/M1 304
GET /product/M1 304
POST /log 200
POST /log 200
GET /reviews/M1 304
POST /log 200
POST /log 200
GET /reviews/M1 304
POST /log 200
POST /log 200
GET /reviews/M1 304
GET /product/M1 304
POST /log 200
POST /log 200
GET /reviews/M1 304
POST /log 200
OPTIONS /order 200
POST /order 200
POST /log 200
OPTIONS /loginuser 200
OPTIONS /wishlist 200
GET /loginuser 304
GET /wishlist 304
GET /deals 304
POST /log 200
POST /log 200
POST /log 200
GET /deals 304
GET /deals 304
POST /log 200
POST /log 200
OPTIONS /products 200
GET /products 304
POST /log 200
OPTIONS /orders 200
OPTIONS /wishlists 200
GET /products 304
OPTIONS /log 200
GET /orders 200
GET /wishlists 304
GET /log 200
POST /log 200
POST /log 200
POST /log 200
POST /log 200
OPTIONS /loginuser 200
OPTIONS /wishlist 200
GET /loginuser 304
GET /wishlist 304
GET /deals 304
POST /log 200
POST /log 200
POST /log 200
GET /deals 304
GET /deals 304
POST /log 200
POST /log 200
GET /deals 304
OPTIONS /loginuser 200
OPTIONS /wishlist 200
GET /loginuser 304
GET /wishlist 304
POST /log 200
POST /log 200
OPTIONS /log 200
POST /log 200
GET /deals 304
GET /deals 304
POST /log 200
POST /log 200
GET /deals 304
OPTIONS /loginuser 200
OPTIONS /wishlist 200
GET /loginuser 304
GET /wishlist 304
POST /log 200
OPTIONS /log 200
POST /log 200
POST /log 200
GET /deals 304
GET /deals 304
POST /log 200
POST /log 200
GET /deals 304
OPTIONS /log 200
POST /log 200
GET /deals 304
OPTIONS /log 200
POST /log 200
GET /deals 304
OPTIONS /loginuser 200
OPTIONS /wishlist 200
GET /loginuser 304
GET /wishlist 304
OPTIONS /log 200
POST /log 200
POST /log 200
POST /log 200
GET /deals 304
GET /deals 304
POST /log 200
POST /log 200
OPTIONS /wishlist 200
POST /wishlist 200
OPTIONS /log 200
POST /log 200
OPTIONS /loginuser 200
GET /wishlist 200
GET /loginuser 304
GET /deals 304
POST /log 200
POST /log 200
POST /log 200
GET /deals 304
GET /deals 304
POST /log 200
POST /log 200
POST /wishlist 200
POST /log 200
GET /wishlist 200
GET /loginuser 304
GET /deals 304
POST /log 200
POST /log 200
POST /log 200
GET /deals 304
POST /log 200
GET /deals 304
POST /log 200
GET /product/M46 304
OPTIONS /log 200
POST /log 200
GET /reviews/M46 304
POST /log 200
OPTIONS /wishlist 200
POST /wishlist 200
POST /log 200
GET /product/M46 304
OPTIONS /loginuser 200
GET /loginuser 304
GET /wishlist 200
POST /log 200
GET /reviews/M46 304
POST /log 200
POST /log 200
POST /log 200
GET /reviews/M46 304
GET /product/M46 304
GET /reviews/M46 304
GET /product/M46 304
POST /log 200
POST /log 200
GET /reviews/M46 304
POST /log 200
POST /log 200
POST /log 200
GET /reviews/M46 304
POST /log 200
OPTIONS /orders 200
OPTIONS /products 200
OPTIONS /wishlists 200
OPTIONS /log 200
GET /orders 200
GET /products 304
GET /wishlists 200
GET /log 200
POST /log 200
POST /log 200
POST /log 200
POST /log 200
GET /home/Mobiles/OPPO?page=1 304
OPTIONS /log 200
POST /log 200
GET /product/M37 200
POST /log 200
GET /reviews/M37 200
POST /log 200
GET /reviews/M37 304
GET /product/M37 304
POST /log 200
POST /log 200
GET /reviews/M37 304
POST /log 200
OPTIONS /order 200
POST /order 200
OPTIONS /log 200
POST /log 200
OPTIONS /loginuser 200
OPTIONS /wishlist 200
GET /loginuser 304
GET /wishlist 304
GET /deals 304
POST /log 200
POST /log 200
POST /log 200
GET /deals 304
GET /deals 304
POST /log 200
POST /log 200
OPTIONS /orders 200
OPTIONS /products 200
OPTIONS /wishlists 200
OPTIONS /log 200
GET /orders 200
GET /products 304
GET /wishlists 304
GET /log 200
POST /log 200
POST /log 200
POST /log 200
POST /log 200
OPTIONS /loginuser 200
OPTIONS /wishlist 200
GET /loginuser 304
GET /wishlist 304
GET /deals 304
OPTIONS /log 200
POST /log 200
POST /log 200
POST /log 200
GET /deals 304
GET /deals 304
POST /log 200
POST /log 200
POST /wishlist 200
POST /log 200
GET /loginuser 304
GET /wishlist 200
GET /deals 304
POST /log 200
POST /log 200
POST /log 200
GET /deals 304
GET /deals 304
POST /log 200
POST /log 200
OPTIONS /wishlist 200
POST /wishlist 200
OPTIONS /log 200
POST /log 200
OPTIONS /loginuser 200
GET /wishlist 200
GET /loginuser 304
GET /deals 304
POST /log 200
POST /log 200
POST /log 200
GET /deals 304
GET /deals 304
POST /log 200
POST /log 200
GET /deals 304
OPTIONS /log 200
POST /log 200
GET /product/M2 304
OPTIONS /log 200
POST /log 200
GET /reviews/M2 304
POST /log 200
OPTIONS /loginuser 200
OPTIONS /wishlist 200
GET /loginuser 304
GET /wishlist 304
GET /deals 304
POST /log 200
POST /log 200
POST /log 200
GET /deals 304
GET /deals 304
POST /log 200
POST /log 200
OPTIONS /wishlist 200
POST /wishlist 200
OPTIONS /log 200
POST /log 200
OPTIONS /loginuser 200
GET /wishlist 200
GET /loginuser 304
GET /deals 304
POST /log 200
POST /log 200
POST /log 200
GET /deals 304
GET /deals 304
POST /log 200
POST /log 200
GET /deals 304
OPTIONS /log 200
POST /log 200
OPTIONS /wishlist 200
POST /wishlist 200
OPTIONS /log 200
POST /log 200
OPTIONS /loginuser 200
GET /wishlist 200
GET /loginuser 304
GET /deals 304
POST /log 200
POST /log 200
POST /log 200
GET /deals 304
GET /deals 304
POST /log 200
POST /log 200
GET /deals 304
OPTIONS /log 200
POST /log 200
GET /deals 304
OPTIONS /loginuser 200
OPTIONS /wishlist 200
GET /loginuser 304
GET /wishlist 304
OPTIONS /log 200
POST /log 200
POST /log 200
POST /log 200
GET /deals 304
GET /deals 304
POST /log 200
POST /log 200
GET /deals 304
OPTIONS /log 200
POST /log 200
OPTIONS /wishlist 200
POST /wishlist 200
POST /log 200
OPTIONS /loginuser 200
GET /wishlist 200
GET /loginuser 304
GET /deals 304
POST /log 200
POST /log 200
POST /log 200
GET /deals 304
GET /deals 304
POST /log 200
POST /log 200
GET /deals 304
OPTIONS /loginuser 200
OPTIONS /wishlist 200
GET /loginuser 304
GET /wishlist 304
OPTIONS /log 200
POST /log 200
POST /log 200
POST /log 200
GET /deals 304
GET /deals 304
POST /log 200
POST /log 200
OPTIONS /wishlist 200
POST /wishlist 200
OPTIONS /log 200
POST /log 200
OPTIONS /loginuser 200
GET /wishlist 200
GET /loginuser 304
GET /deals 304
POST /log 200
POST /log 200
POST /log 200
GET /deals 304
GET /deals 304
POST /log 200
POST /log 200
GET /deals 304
OPTIONS /loginuser 200
OPTIONS /wishlist 200
GET /loginuser 304
GET /wishlist 304
OPTIONS /log 200
POST /log 200
POST /log 200
POST /log 200
GET /deals 304
GET /deals 304
POST /log 200
POST /log 200
POST /wishlist 200
POST /log 200
GET /loginuser 304
GET /wishlist 200
GET /deals 304
POST /log 200
POST /log 200
POST /log 200
GET /deals 304
GET /deals 304
POST /log 200
POST /log 200
GET /deals 304
OPTIONS /loginuser 200
OPTIONS /wishlist 200
GET /loginuser 304
GET /wishlist 304
OPTIONS /log 200
POST /log 200
POST /log 200
POST /log 200
GET /deals 304
POST /log 200
GET /deals 304
POST /log 200
OPTIONS /orders 200
GET /orders 200
OPTIONS /products 200
OPTIONS /wishlists 200
OPTIONS /log 200
GET /products 304
OPTIONS /log 200
GET /wishlists 200
GET /log 200
POST /log 200
POST /log 200
POST /log 200
POST /log 200
OPTIONS /loginuser 200
OPTIONS /wishlist 200
GET /deals 304
GET /loginuser 304
GET /wishlist 200
OPTIONS /log 200
POST /log 200
POST /log 200
POST /log 200
GET /deals 304
POST /log 200
POST /wishlist 200
POST /log 200
OPTIONS /loginuser 200
OPTIONS /wishlist 200
GET /loginuser 304
GET /wishlist 200
GET /deals 304
OPTIONS /log 200
POST /log 200
POST /log 200
POST /log 200
GET /deals 304
GET /deals 304
POST /log 200
POST /log 200
POST /wishlist 200
POST /log 200
GET /loginuser 304
GET /wishlist 200
GET /deals 304
POST /log 200
POST /log 200
POST /log 200
GET /deals 304
POST /log 200
GET /deals 304
POST /log 200
GET /product/M2 304
OPTIONS /log 200
POST /log 200
GET /reviews/M2 304
POST /log 200
OPTIONS /orders 200
OPTIONS /products 200
OPTIONS /wishlists 200
GET /log 200
GET /orders 304
GET /products 304
GET /wishlists 200
POST /log 200
POST /log 200
POST /log 200
POST /log 200
OPTIONS /loginuser 200
OPTIONS /wishlist 200
GET /wishlist 304
GET /loginuser 304
GET /deals 304
OPTIONS /log 200
POST /log 200
POST /log 200
POST /log 200
GET /deals 304
POST /log 200
OPTIONS /orders 200
OPTIONS /products 200
OPTIONS /wishlists 200
OPTIONS /log 200
GET /orders 304
GET /products 304
GET /wishlists 304
GET /log 200
POST /log 200
POST /log 200
POST /log 200
POST /log 200
OPTIONS /orders 200
OPTIONS /products 200
OPTIONS /wishlists 200
OPTIONS /log 200
GET /orders 304
GET /products 304
GET /wishlists 304
GET /log 200
POST /log 200
POST /log 200
POST /log 200
POST /log 200
OPTIONS /orders 200
OPTIONS /products 200
OPTIONS /wishlists 200
OPTIONS /log 200
GET /orders 304
GET /products 304
GET /log 200
GET /wishlists 304
POST /log 200
POST /log 200
POST /log 200
POST /log 200
OPTIONS /orders 200
OPTIONS /products 200
OPTIONS /wishlists 200
OPTIONS /log 200
GET /orders 304
GET /products 304
GET /wishlists 304
GET /log 200
POST /log 200
POST /log 200
POST /log 200
POST /log 200
OPTIONS /orders 200
OPTIONS /products 200
OPTIONS /wishlists 200
OPTIONS /log 200
GET /orders 304
GET /products 304
GET /wishlists 304
GET /log 200
POST /log 200
POST /log 200
POST /log 200
POST /log 200
OPTIONS /orders 200
OPTIONS /products 200
OPTIONS /wishlists 200
OPTIONS /log 200
GET /orders 304
GET /products 304
GET /wishlists 304
GET /log 200
POST /log 200
POST /log 200
POST /log 200
POST /log 200
OPTIONS /orders 200
OPTIONS /products 200
OPTIONS /wishlists 200
OPTIONS /log 200
GET /orders 304
GET /products 304
GET /wishlists 304
GET /log 200
POST /log 200
POST /log 200
POST /log 200
POST /log 200
OPTIONS /products 200
GET /products 304
OPTIONS /log 200
POST /log 200
OPTIONS /products 200
GET /products 304
OPTIONS /log 200
POST /log 200
OPTIONS /loginuser 200
OPTIONS /wishlist 200
GET /loginuser 304
GET /wishlist 304
GET /deals 304
OPTIONS /log 200
POST /log 200
POST /log 200
POST /log 200
GET /deals 304
POST /log 200
GET /deals 304
POST /log 200
GET /deals 304
GET /loginuser 304
GET /wishlist 304
POST /log 200
POST /log 200
POST /log 200
GET /deals 304
POST /log 200
OPTIONS /products 200
GET /products 304
OPTIONS /log 200
POST /log 200
OPTIONS /loginuser 200
OPTIONS /wishlist 200
GET /loginuser 401
GET /wishlist 401
GET /deals 304
OPTIONS /log 200
POST /log 200
GET /deals 304
POST /log 200
OPTIONS /loginuser 200
POST /loginuser 200
OPTIONS /log 200
POST /log 200
GET /loginuser 200
OPTIONS /wishlist 200
GET /wishlist 304
GET /deals 304
POST /log 200
POST /log 200
POST /log 200
GET /deals 304
GET /deals 304
POST /log 200
POST /log 200
OPTIONS /products 200
GET /products 304
POST /log 200
OPTIONS /loginuser 200
OPTIONS /wishlist 200
GET /loginuser 304
GET /wishlist 304
GET /deals 304
OPTIONS /log 200
POST /log 200
POST /log 200
POST /log 200
GET /deals 304
GET /deals 304
POST /log 200
POST /log 200
OPTIONS /products 200
GET /products 304
POST /log 200
OPTIONS /loginuser 200
OPTIONS /wishlist 200
GET /loginuser 304
GET /wishlist 304
GET /deals 304
OPTIONS /log 200
POST /log 200
POST /log 200
POST /log 200
GET /deals 304
POST /log 200
OPTIONS /loginuser 200
OPTIONS /wishlist 200
GET /deals 304
GET /loginuser 304
GET /wishlist 304
OPTIONS /log 200
OPTIONS /log 200
OPTIONS /log 200
POST /log 200
POST /log 200
POST /log 200
GET /deals 304
POST /log 200
OPTIONS /products 200
GET /products 304
POST /log 200
OPTIONS /loginuser 200
OPTIONS /wishlist 200
GET /deals 304
GET /loginuser 304
GET /wishlist 304
OPTIONS /log 200
OPTIONS /log 200
POST /log 200
POST /log 200
POST /log 200
GET /deals 304
POST /log 200
OPTIONS /products 200
GET /products 304
POST /log 200
OPTIONS /loginuser 200
OPTIONS /wishlist 200
GET /deals 304
GET /loginuser 304
GET /wishlist 304
OPTIONS /log 200
POST /log 200
POST /log 200
POST /log 200
GET /deals 304
POST /log 200
OPTIONS /products 200
GET /products 304
POST /log 200
OPTIONS /loginuser 200
OPTIONS /wishlist 200
GET /loginuser 304
GET /wishlist 304
GET /deals 304
OPTIONS /log 200
POST /log 200
POST /log 200
POST /log 200
GET /deals 304
POST /log 200
GET /deals 304
OPTIONS /loginuser 200
OPTIONS /wishlist 200
GET /loginuser 304
GET /wishlist 304
OPTIONS /log 200
POST /log 200
POST /log 200
POST /log 200
GET /deals 304
GET /deals 304
POST /log 200
POST /log 200
OPTIONS /products 200
GET /products 304
POST /log 200
OPTIONS /products 200
POST /products 200
OPTIONS /log 200
POST /log 200
OPTIONS /loginuser 200
OPTIONS /wishlist 200
GET /loginuser 304
GET /wishlist 304
GET /deals 304
POST /log 200
POST /log 200
POST /log 200
GET /deals 304
GET /deals 304
POST /log 200
POST /log 200
GET /home/Mobiles/Mi?page=1 304
OPTIONS /log 200
POST /log 200
GET /home/Mobiles/Samsung?page=1 304
OPTIONS /log 200
POST /log 200
GET /home/Mobiles/Mi?page=1 304
OPTIONS /log 200
POST /log 200
OPTIONS /products 200
GET /products 200
OPTIONS /log 200
POST /log 200
OPTIONS /loginuser 200
GET /loginuser 304
OPTIONS /wishlist 200
GET /wishlist 200
GET /deals 304
OPTIONS /log 200
POST /log 200
POST /log 200
POST /log 200
GET /deals 304
GET /deals 304
POST /log 200
POST /log 200
OPTIONS /products 200
GET /products 200
POST /log 200
OPTIONS /products 200
POST /products 200
OPTIONS /log 200
POST /log 200
OPTIONS /loginuser 200
OPTIONS /wishlist 200
GET /loginuser 304
GET /wishlist 304
GET /deals 304
POST /log 200
POST /log 200
POST /log 200
GET /deals 304
POST /log 200
GET /products 200
POST /log 200
OPTIONS /loginuser 200
GET /loginuser 304
OPTIONS /wishlist 200
GET /deals 304
GET /wishlist 304
OPTIONS /log 200
POST /log 200
POST /log 200
POST /log 200
GET /deals 304
GET /deals 304
POST /log 200
POST /log 200
OPTIONS /products 200
GET /products 200
OPTIONS /log 200
POST /log 200
OPTIONS /csv 200
POST /csv 200
POST /csv 200
OPTIONS /log 200
OPTIONS /log 200
POST /log 200
POST /log 200
OPTIONS /loginuser 200
OPTIONS /wishlist 200
GET /loginuser 304
GET /wishlist 304
GET /deals 304
POST /log 200
POST /log 200
POST /log 200
GET /deals 304
GET /deals 304
POST /log 200
POST /log 200
OPTIONS /products 200
GET /products 200
POST /log 200
OPTIONS /csv 200
POST /csv 200
OPTIONS /log 200
POST /log 200
OPTIONS /loginuser 200
OPTIONS /wishlist 200
GET /loginuser 304
GET /wishlist 304
GET /deals 304
POST /log 200
POST /log 200
POST /log 200
GET /deals 304
POST /log 200
OPTIONS /products 200
GET /products 200
POST /log 200
OPTIONS /csv 200
POST /csv 200
OPTIONS /log 200
POST /log 200
OPTIONS /loginuser 200
GET /loginuser 304
OPTIONS /wishlist 200
GET /wishlist 304
GET /deals 304
POST /log 200
POST /log 200
POST /log 200
GET /deals 304
POST /log 200
OPTIONS /products 200
GET /products 200
OPTIONS /log 200
POST /log 200
OPTIONS /csv 200
POST /csv 200
OPTIONS /log 200
POST /log 200
OPTIONS /loginuser 200
OPTIONS /wishlist 200
GET /loginuser 304
GET /wishlist 304
GET /deals 304
POST /log 200
POST /log 200
POST /log 200
GET /deals 304
POST /log 200
GET /deals 304
POST /log 200
OPTIONS /products 200
GET /products 304
OPTIONS /log 200
POST /log 200
OPTIONS /csv 200
POST /csv 200
OPTIONS /log 200
POST /log 200
OPTIONS /loginuser 200
OPTIONS /wishlist 200
GET /loginuser 304
GET /wishlist 304
GET /deals 304
POST /log 200
POST /log 200
POST /log 200
GET /deals 304
POST /log 200
OPTIONS /products 200
GET /products 304
OPTIONS /log 200
POST /log 200
OPTIONS /csv 200
POST /csv 200
POST /log 200
OPTIONS /loginuser 200
OPTIONS /wishlist 200
GET /loginuser 304
GET /wishlist 304
GET /deals 304
OPTIONS /log 200
POST /log 200
POST /log 200
POST /log 200
GET /deals 304
GET /deals 304
POST /log 200
POST /log 200
OPTIONS /products 200
GET /products 304
OPTIONS /log 200
POST /log 200
OPTIONS /csv 200
POST /csv 200
OPTIONS /log 200
POST /log 200
OPTIONS /loginuser 200
OPTIONS /wishlist 200
GET /loginuser 304
GET /wishlist 304
GET /deals 304
POST /log 200
POST /log 200
POST /log 200
GET /deals 304
GET /deals 304
POST /log 200
POST /log 200
OPTIONS /products 200
GET /products 200
POST /log 200
OPTIONS /loginuser 200
OPTIONS /wishlist 200
GET /loginuser 304
GET /wishlist 304
GET /deals 304
OPTIONS /log 200
POST /log 200
POST /log 200
POST /log 200
GET /deals 304
GET /deals 304
POST /log 200
POST /log 200
GET /deals 304
GET /loginuser 304
GET /wishlist 304
POST /log 200
POST /log 200
POST /log 200
GET /deals 304
POST /log 200
OPTIONS /products 200
GET /products 304
POST /log 200
GET /home/Mobiles/RealMe?page=1 304
OPTIONS /log 200
POST /log 200
OPTIONS /orders 200
OPTIONS /products 200
OPTIONS /wishlists 200
GET /log 200
GET /orders 304
GET /products 304
GET /wishlists 200
POST /log 200
POST /log 200
POST /log 200
POST /log 200
GET /home/Mobiles/RealMe?page=1 304
OPTIONS /loginuser 200
OPTIONS /wishlist 200
GET /loginuser 304
GET /wishlist 304
OPTIONS /log 200
POST /log 200
POST /log 200
POST /log 200
GET /home/Mobiles/RealMe?page=1 304
POST /log 200
OPTIONS /orders 200
OPTIONS /products 200
OPTIONS /wishlists 200
GET /log 200
GET /orders 304
GET /products 304
GET /wishlists 304
POST /log 200
POST /log 200
POST /log 200
POST /log 200
GET /products 304
OPTIONS /log 200
POST /log 200
OPTIONS /csv 200
POST /csv 200
OPTIONS /log 200
POST /log 200
OPTIONS /loginuser 200
OPTIONS /wishlist 200
GET /loginuser 304
GET /wishlist 304
GET /deals 304
POST /log 200
POST /log 200
POST /log 200
GET /deals 304
GET /deals 304
POST /log 200
POST /log 200
OPTIONS /products 200
GET /products 200
POST /log 200
OPTIONS /loginuser 200
OPTIONS /wishlist 200
GET /loginuser 304
GET /wishlist 304
GET /deals 304
OPTIONS /log 200
POST /log 200
POST /log 200
POST /log 200
GET /deals 304
GET /deals 304
POST /log 200
POST /log 200
OPTIONS /products 200
GET /products 200
OPTIONS /log 200
POST /log 200
OPTIONS /loginuser 200
GET /deals 304
OPTIONS /wishlist 200
GET /loginuser 304
GET /wishlist 304
OPTIONS /log 200
POST /log 200
POST /log 200
POST /log 200
GET /deals 304
GET /deals 304
POST /log 200
POST /log 200
OPTIONS /products 200
GET /products 304
POST /log 200
OPTIONS /loginuser 200
OPTIONS /wishlist 200
GET /loginuser 304
GET /wishlist 304
GET /deals 304
OPTIONS /log 200
POST /log 200
POST /log 200
POST /log 200
GET /deals 304
GET /deals 304
POST /log 200
POST /log 200
OPTIONS /products 200
GET /products 304
POST /log 200
OPTIONS /csv 200
POST /csv 200
OPTIONS /log 200
POST /log 200
OPTIONS /loginuser 200
OPTIONS /wishlist 200
GET /loginuser 304
GET /wishlist 304
GET /deals 304
POST /log 200
POST /log 200
POST /log 200
GET /deals 304
POST /log 200
OPTIONS /products 200
GET /products 200
POST /log 200
GET /home/Mobiles/RealMe?page=1 304
OPTIONS /log 200
POST /log 200
OPTIONS /orders 200
OPTIONS /products 200
OPTIONS /wishlists 200
OPTIONS /log 200
GET /orders 304
GET /products 304
GET /log 200
GET /wishlists 304
POST /log 200
POST /log 200
POST /log 200
POST /log 200
OPTIONS /products 200
GET /products 401
OPTIONS /loginuser 200
OPTIONS /wishlist 200
GET /loginuser 401
GET /wishlist 401
GET /deals 304
OPTIONS /log 200
POST /log 200
GET /deals 304
POST /log 200
OPTIONS /loginuser 200
POST /loginuser 200
OPTIONS /log 200
POST /log 200
OPTIONS /wishlist 200
GET /loginuser 200
GET /wishlist 304
GET /deals 304
POST /log 200
POST /log 200
POST /log 200
GET /deals 304
GET /deals 304
POST /log 200
POST /log 200
OPTIONS /products 200
GET /products 200
POST /log 200
OPTIONS /csv 200
POST /csv 200
OPTIONS /log 200
POST /log 200
OPTIONS /loginuser 200
OPTIONS /wishlist 200
GET /loginuser 304
GET /wishlist 304
GET /deals 304
POST /log 200
POST /log 200
POST /log 200
GET /deals 304
GET /deals 304
POST /log 200
POST /log 200
OPTIONS /products 200
GET /products 200
POST /log 200
OPTIONS /products 200
GET /products 304
OPTIONS /log 200
POST /log 200
OPTIONS /csv 200
POST /csv 200
OPTIONS /log 200
POST /log 200
OPTIONS /loginuser 200
OPTIONS /wishlist 200
GET /loginuser 304
GET /wishlist 304
GET /deals 304
POST /log 200
POST /log 200
POST /log 200
GET /deals 304
POST /log 200
OPTIONS /products 200
GET /products 304
POST /log 200
OPTIONS /loginuser 200
GET /loginuser 304
OPTIONS /wishlist 200
GET /deals 304
GET /wishlist 304
OPTIONS /log 200
POST /log 200
POST /log 200
POST /log 200
GET /deals 304
GET /deals 304
POST /log 200
POST /log 200
OPTIONS /products 200
GET /products 200
POST /log 200
OPTIONS /csv 200
POST /csv 200
OPTIONS /log 200
POST /log 200
OPTIONS /csv 200
POST /csv 200
OPTIONS /log 200
POST /log 200
OPTIONS /products 200
GET /products 200
OPTIONS /log 200
POST /log 200
OPTIONS /loginuser 200
OPTIONS /wishlist 200
GET /loginuser 304
GET /wishlist 304
GET /deals 304
OPTIONS /log 200
POST /log 200
POST /log 200
POST /log 200
GET /deals 304
GET /deals 304
POST /log 200
POST /log 200
OPTIONS /products 200
GET /products 304
POST /log 200
OPTIONS /loginuser 200
OPTIONS /wishlist 200
GET /loginuser 304
GET /wishlist 304
GET /deals 304
OPTIONS /log 200
POST /log 200
POST /log 200
POST /log 200
GET /deals 304
POST /log 200
